<?xml version="1.0" encoding="UTF-8"?>
<testng-results ignored="0" total="1" passed="1" failed="0" skipped="0">
  <reporter-output>
  </reporter-output>
  <suite started-at="2025-07-30T22:49:34 IST" name="Default suite" finished-at="2025-07-30T22:49:59 IST" duration-ms="24696">
    <groups>
    </groups>
    <test started-at="2025-07-30T22:49:34 IST" name="Default test" finished-at="2025-07-30T22:49:59 IST" duration-ms="24696">
      <class name="Actionone">
        <test-method signature="finalone()[pri:0, instance:Actionone@6a6cb05c]" started-at="2025-07-30T22:49:34 IST" name="finalone" finished-at="2025-07-30T22:49:59 IST" duration-ms="24643" status="PASS">
          <reporter-output>
          </reporter-output>
        </test-method> <!-- finalone -->
      </class> <!-- Actionone -->
    </test> <!-- Default test -->
  </suite> <!-- Default suite -->
</testng-results>
